TN:
SF:/Users/joshmckenney/projects/web-component-course/chart-component/src/AppComponent.js
FN:8,(anonymous_0)
FN:12,(anonymous_1)
FN:73,(anonymous_2)
FN:101,(anonymous_3)
FN:111,(anonymous_4)
FN:119,(anonymous_5)
FN:125,(anonymous_6)
FN:131,(anonymous_7)
FN:136,(anonymous_8)
FN:141,(anonymous_9)
FN:145,(anonymous_10)
FNF:11
FNH:2
FNDA:1,(anonymous_0)
FNDA:1,(anonymous_1)
FNDA:0,(anonymous_2)
FNDA:0,(anonymous_3)
FNDA:0,(anonymous_4)
FNDA:0,(anonymous_5)
FNDA:0,(anonymous_6)
FNDA:0,(anonymous_7)
FNDA:0,(anonymous_8)
FNDA:0,(anonymous_9)
FNDA:0,(anonymous_10)
DA:9,1
DA:13,1
DA:74,0
DA:75,0
DA:76,0
DA:77,0
DA:79,0
DA:91,0
DA:93,0
DA:101,0
DA:102,0
DA:108,0
DA:111,0
DA:112,0
DA:113,0
DA:114,0
DA:117,0
DA:120,0
DA:121,0
DA:126,0
DA:127,0
DA:128,0
DA:132,0
DA:133,0
DA:137,0
DA:138,0
DA:142,0
DA:146,0
LF:28
LH:2
BRF:0
BRH:0
end_of_record
TN:
SF:/Users/joshmckenney/projects/web-component-course/chart-component/src/ChartComponent.js
FN:4,(anonymous_0)
FN:11,(anonymous_1)
FN:89,(anonymous_2)
FN:95,(anonymous_3)
FN:119,(anonymous_4)
FN:123,(anonymous_5)
FN:137,(anonymous_6)
FN:139,(anonymous_7)
FN:145,(anonymous_8)
FN:147,(anonymous_9)
FN:158,(anonymous_10)
FN:160,(anonymous_11)
FN:171,(anonymous_12)
FN:173,(anonymous_13)
FN:184,(anonymous_14)
FN:187,(anonymous_15)
FN:194,(anonymous_16)
FN:211,(anonymous_17)
FNF:18
FNH:2
FNDA:1,(anonymous_0)
FNDA:1,(anonymous_1)
FNDA:0,(anonymous_2)
FNDA:0,(anonymous_3)
FNDA:0,(anonymous_4)
FNDA:0,(anonymous_5)
FNDA:0,(anonymous_6)
FNDA:0,(anonymous_7)
FNDA:0,(anonymous_8)
FNDA:0,(anonymous_9)
FNDA:0,(anonymous_10)
FNDA:0,(anonymous_11)
FNDA:0,(anonymous_12)
FNDA:0,(anonymous_13)
FNDA:0,(anonymous_14)
FNDA:0,(anonymous_15)
FNDA:0,(anonymous_16)
FNDA:0,(anonymous_17)
DA:5,1
DA:12,1
DA:90,0
DA:91,0
DA:92,0
DA:96,0
DA:120,0
DA:123,0
DA:138,0
DA:139,0
DA:140,0
DA:141,0
DA:146,0
DA:148,0
DA:149,0
DA:159,0
DA:161,0
DA:162,0
DA:172,0
DA:174,0
DA:175,0
DA:185,0
DA:186,0
DA:188,0
DA:189,0
DA:195,0
DA:196,0
DA:197,0
DA:198,0
DA:199,0
DA:200,0
DA:201,0
DA:202,0
DA:203,0
DA:212,0
LF:35
LH:2
BRDA:126,0,0,0
BRDA:126,0,1,0
BRDA:148,1,0,0
BRDA:148,1,1,0
BRF:4
BRH:0
end_of_record
TN:
SF:/Users/joshmckenney/projects/web-component-course/chart-component/src/TeamStrengthsForm.js
FN:6,(anonymous_0)
FN:12,(anonymous_1)
FN:116,(anonymous_2)
FN:121,(anonymous_3)
FN:130,(anonymous_4)
FN:143,(anonymous_5)
FN:145,(anonymous_6)
FN:152,(anonymous_7)
FN:157,(anonymous_8)
FN:160,(anonymous_9)
FN:163,(anonymous_10)
FN:172,(anonymous_11)
FN:186,(anonymous_12)
FN:197,(anonymous_13)
FN:213,(anonymous_14)
FN:220,(anonymous_15)
FNF:16
FNH:2
FNDA:1,(anonymous_0)
FNDA:1,(anonymous_1)
FNDA:0,(anonymous_2)
FNDA:0,(anonymous_3)
FNDA:0,(anonymous_4)
FNDA:0,(anonymous_5)
FNDA:0,(anonymous_6)
FNDA:0,(anonymous_7)
FNDA:0,(anonymous_8)
FNDA:0,(anonymous_9)
FNDA:0,(anonymous_10)
FNDA:0,(anonymous_11)
FNDA:0,(anonymous_12)
FNDA:0,(anonymous_13)
FNDA:0,(anonymous_14)
FNDA:0,(anonymous_15)
DA:7,1
DA:13,1
DA:117,0
DA:118,0
DA:122,0
DA:130,0
DA:132,0
DA:138,0
DA:139,0
DA:140,0
DA:144,0
DA:145,0
DA:148,0
DA:149,0
DA:153,0
DA:154,0
DA:158,0
DA:160,0
DA:165,0
DA:166,0
DA:168,0
DA:173,0
DA:186,0
DA:198,0
DA:214,0
DA:215,0
DA:217,0
DA:221,0
LF:28
LH:2
BRDA:130,0,0,0
BRDA:130,0,1,0
BRDA:145,1,0,0
BRDA:145,1,1,0
BRDA:145,1,2,0
BRDA:165,2,0,0
BRDA:165,2,1,0
BRDA:214,3,0,0
BRDA:214,3,1,0
BRF:9
BRH:0
end_of_record
TN:
SF:/Users/joshmckenney/projects/web-component-course/chart-component/src/app-component.js
FNF:0
FNH:0
DA:3,1
LF:1
LH:1
BRF:0
BRH:0
end_of_record
TN:
SF:/Users/joshmckenney/projects/web-component-course/chart-component/src/chart-component.js
FNF:0
FNH:0
DA:3,1
LF:1
LH:1
BRF:0
BRH:0
end_of_record
TN:
SF:/Users/joshmckenney/projects/web-component-course/chart-component/src/team-strengths-form.js
FNF:0
FNH:0
DA:3,1
LF:1
LH:1
BRF:0
BRH:0
end_of_record
